Compiling the C compiler identification source file "CMakeCCompilerId.c" failed.
Compiler: /usr/bin/arm-none-eabi-gcc 
Build flags: 
Id flags:  

The output was:
1
/usr/lib/gcc/arm-none-eabi/9.2.1/../../../arm-none-eabi/bin/ld: /usr/lib/gcc/arm-none-eabi/9.2.1/../../../arm-none-eabi/lib/libc.a(lib_a-exit.o): in function `exit':
/build/newlib-CVVEyx/newlib-3.3.0/build/arm-none-eabi/newlib/libc/stdlib/../../../../../newlib/libc/stdlib/exit.c:64: undefined reference to `_exit'
collect2: error: ld returned 1 exit status


Compiling the CXX compiler identification source file "CMakeCXXCompilerId.cpp" failed.
Compiler: /usr/bin/arm-none-eabi-g++ 
Build flags: 
Id flags:  

The output was:
1
/usr/lib/gcc/arm-none-eabi/9.2.1/../../../arm-none-eabi/bin/ld: /usr/lib/gcc/arm-none-eabi/9.2.1/../../../arm-none-eabi/lib/libc.a(lib_a-exit.o): in function `exit':
/build/newlib-CVVEyx/newlib-3.3.0/build/arm-none-eabi/newlib/libc/stdlib/../../../../../newlib/libc/stdlib/exit.c:64: undefined reference to `_exit'
collect2: error: ld returned 1 exit status


Determining if the C compiler works failed with the following output:
Change Dir: /home/ivan/raspberry-pi-pico/pico_workspace/hello_world/build/CMakeFiles/CMakeTmp

Run Build Command(s):/usr/bin/make cmTC_a7994/fast && /usr/bin/make -f CMakeFiles/cmTC_a7994.dir/build.make CMakeFiles/cmTC_a7994.dir/build
make[1]: Entering directory '/home/ivan/raspberry-pi-pico/pico_workspace/hello_world/build/CMakeFiles/CMakeTmp'
Building C object CMakeFiles/cmTC_a7994.dir/testCCompiler.c.o
/usr/bin/arm-none-eabi-gcc    -o CMakeFiles/cmTC_a7994.dir/testCCompiler.c.o   -c /home/ivan/raspberry-pi-pico/pico_workspace/hello_world/build/CMakeFiles/CMakeTmp/testCCompiler.c
Linking C executable cmTC_a7994
/usr/bin/cmake -E cmake_link_script CMakeFiles/cmTC_a7994.dir/link.txt --verbose=1
/usr/bin/arm-none-eabi-gcc      -rdynamic CMakeFiles/cmTC_a7994.dir/testCCompiler.c.o  -o cmTC_a7994 
arm-none-eabi-gcc: error: unrecognized command line option '-rdynamic'
make[1]: *** [CMakeFiles/cmTC_a7994.dir/build.make:87: cmTC_a7994] Error 1
make[1]: Leaving directory '/home/ivan/raspberry-pi-pico/pico_workspace/hello_world/build/CMakeFiles/CMakeTmp'
make: *** [Makefile:121: cmTC_a7994/fast] Error 2



